

*******************************************************************************
Sun Nov 22 14:27:49 2015


FIT:    data read from 'cluster_size_distribution.txt'
        format = z
        #datapoints = 500
        residuals are weighted equally (unit weight)

function used for fitting: f(x)
BREAK: Need via and either parameter list or file

*******************************************************************************
Sun Nov 22 14:29:06 2015


FIT:    data read from 'cluster_size_distribution.txt'
        format = z
        #datapoints = 500
        residuals are weighted equally (unit weight)

function used for fitting: f(x)
	f(x) = x^(-t)
BREAK: Need via and either parameter list or file

*******************************************************************************
Sun Nov 22 14:29:10 2015


FIT:    data read from 'cluster_size_distribution.txt'
        format = z
        #datapoints = 500
        residuals are weighted equally (unit weight)

function used for fitting: f(x)
	f(x) = x^(-t)
fitted parameters initialized with current variable values

Warning: Initial value of parameter 'x' is zero.


*******************************************************************************
Sun Nov 22 14:29:14 2015


FIT:    data read from 'cluster_size_distribution.txt'
        format = z
        #datapoints = 500
        residuals are weighted equally (unit weight)

function used for fitting: f(x)
	f(x) = x^(-t)
fitted parameters initialized with current variable values



*******************************************************************************
Sun Nov 22 14:30:40 2015


FIT:    data read from 'cluster_size_distribution.txt'
        format = z
        #datapoints = 500
        residuals are weighted equally (unit weight)

function used for fitting: f(x)
	f(x) = x^(-t)
fitted parameters initialized with current variable values

Warning: Initial value of parameter 't_0' is zero.


*******************************************************************************
Sun Nov 22 14:30:52 2015


FIT:    data read from 'cluster_size_distribution.txt'
        format = z
        #datapoints = 500
        residuals are weighted equally (unit weight)

function used for fitting: f(x)
	f(x) = x^(-t)
fitted parameters initialized with current variable values

BREAK: no parameter specified

*******************************************************************************
Sun Nov 22 14:30:59 2015


FIT:    data read from 'cluster_size_distribution.txt'
        format = z
        #datapoints = 500
        residuals are weighted equally (unit weight)

function used for fitting: f(x)
	f(x) = x^(-t)
fitted parameters initialized with current variable values



*******************************************************************************
Sun Nov 22 14:32:13 2015


FIT:    data read from 'cluster_size_distribution.txt'
        format = z
        #datapoints = 500
        residuals are weighted equally (unit weight)

function used for fitting: f(t)
	f(t) = a^(-t)
BREAK: Need via and either parameter list or file

*******************************************************************************
Sun Nov 22 14:32:21 2015


FIT:    data read from 'cluster_size_distribution.txt'
        format = z
        #datapoints = 500
        residuals are weighted equally (unit weight)

function used for fitting: f(t)
	f(t) = a^(-t)
BREAK: Need via and either parameter list or file

*******************************************************************************
Sun Nov 22 14:33:25 2015


FIT:    data read from 'cluster_size_distribution.txt'using 1:2
        format = x:z
        #datapoints = 500
        residuals are weighted equally (unit weight)

function used for fitting: f(t)
	f(t) = a^(-t)
BREAK: Need via and either parameter list or file

*******************************************************************************
Sun Nov 22 14:33:35 2015


FIT:    data read from 'cluster_size_distribution.txt'using 1:2
        format = x:z
        #datapoints = 500
        residuals are weighted equally (unit weight)

function used for fitting: f(t)
	f(t) = a^(-t)
BREAK: Need via and either parameter list or file

*******************************************************************************
Sun Nov 22 14:33:45 2015


FIT:    data read from 'cluster_size_distribution.txt'using 1:2
        format = x:z
        #datapoints = 500
        residuals are weighted equally (unit weight)

function used for fitting: f(t)
	f(t) = a^(-t)
BREAK: Need via and either parameter list or file

*******************************************************************************
Sun Nov 22 14:33:47 2015


FIT:    data read from 'cluster_size_distribution.txt'using 1:2
        format = x:z
        #datapoints = 500
        residuals are weighted equally (unit weight)

function used for fitting: f(t)
	f(t) = a^(-t)
BREAK: Need via and either parameter list or file

*******************************************************************************
Sun Nov 22 14:35:39 2015


FIT:    data read from 'cluster_size_distribution.txt'
        format = z
        #datapoints = 500
        residuals are weighted equally (unit weight)

function used for fitting: f(t)
	f(t) = t^(-w)
fitted parameters initialized with current variable values



*******************************************************************************
Sun Nov 22 14:36:28 2015


FIT:    data read from 'cluster_size_distribution.txt'
        format = z
        #datapoints = 500
        residuals are weighted equally (unit weight)

function used for fitting: f(t)
	f(t) = t**(-w)
fitted parameters initialized with current variable values

iter      chisq       delta/lim  lambda   w            
   0 4.9927086417e+02   0.00e+00  0.00e+00    1.000000e+00
BREAK: Singular matrix in Givens()

*******************************************************************************
Sun Nov 22 14:36:47 2015


FIT:    data read from 'cluster_size_distribution.txt'
        format = z
        #datapoints = 500
        residuals are weighted equally (unit weight)

function used for fitting: f(t)
	f(t) = t**(-w)
fitted parameters initialized with current variable values

iter      chisq       delta/lim  lambda   t            
   0 4.9927086417e+02   0.00e+00  1.00e+00    1.000000e+00
  14 3.8537662586e-04  -3.87e-01  1.00e-14    1.360406e+03

After 14 iterations the fit converged.
final sum of squares of residuals : 0.000385377
rel. change during last iteration : -3.86548e-06

degrees of freedom    (FIT_NDF)                        : 499
rms of residuals      (FIT_STDFIT) = sqrt(WSSR/ndf)    : 0.000878805
variance of residuals (reduced chisquare) = WSSR/ndf   : 7.72298e-07

Final set of parameters            Asymptotic Standard Error
=======================            ==========================
t               = 1360.41          +/- 73.26        (5.385%)


*******************************************************************************
Sun Nov 22 14:37:12 2015


FIT:    data read from 'cluster_size_distribution.txt'
        format = z
        #datapoints = 500
        residuals are weighted equally (unit weight)

function used for fitting: f(t)
	f(w) = t**(-w)
fitted parameters initialized with current variable values

iter      chisq       delta/lim  lambda   w            
   0 6.5167152344e-04   0.00e+00  0.00e+00    1.001000e+00
BREAK: Singular matrix in Givens()

*******************************************************************************
Sun Nov 22 14:39:20 2015


FIT:    data read from 'cluster_size_distribution.txt'
        format = z
        x range restricted to [0.100000 : 4.50000]
        #datapoints = 441
        residuals are weighted equally (unit weight)

function used for fitting: f(t)
	f(w) = t**(-w)
fitted parameters initialized with current variable values

iter      chisq       delta/lim  lambda   w            
   0 5.6191191406e-04   0.00e+00  0.00e+00    1.002001e+00
BREAK: Singular matrix in Givens()

*******************************************************************************
Sun Nov 22 14:39:37 2015


FIT:    data read from 'cluster_size_distribution.txt'
        format = z
        x range restricted to [0.100000 : 4.50000]
        #datapoints = 441
        residuals are weighted equally (unit weight)

function used for fitting: f(t)
	f(w) = t**(-w)
fitted parameters initialized with current variable values

iter      chisq       delta/lim  lambda   w            
   0 5.6191191406e-04   0.00e+00  0.00e+00    1.003003e+00
BREAK: Singular matrix in Givens()

*******************************************************************************
Sun Nov 22 14:41:34 2015


FIT:    data read from 'cluster_size_distribution.txt'
        format = z
        x range restricted to [0.100000 : 4.50000]
        #datapoints = 441
        residuals are weighted equally (unit weight)

function used for fitting: f(t)
	f(t) = a*t**(-w)
fitted parameters initialized with current variable values

iter      chisq       delta/lim  lambda   w             a            
   0 3.1131924850e-04   0.00e+00  3.68e-03    1.004006e+00   1.000000e+00
   2 3.1058562359e-04  -2.37e-01  3.68e-05    9.964534e-01   1.001042e+00

After 2 iterations the fit converged.
final sum of squares of residuals : 0.000310586
rel. change during last iteration : -2.36791e-06

degrees of freedom    (FIT_NDF)                        : 439
rms of residuals      (FIT_STDFIT) = sqrt(WSSR/ndf)    : 0.000841121
variance of residuals (reduced chisquare) = WSSR/ndf   : 7.07484e-07

Final set of parameters            Asymptotic Standard Error
=======================            ==========================
w               = 0.996453         +/- 1.864e+12    (1.87e+14%)
a               = 1.00104          +/- 1.341e+13    (1.34e+15%)

correlation matrix of the fit parameters:
                w      a      
w               1.000 
a               1.000  1.000 


*******************************************************************************
Sun Nov 22 14:43:04 2015


FIT:    data read from 'cluster_size_distribution.txt'
        format = z
        x range restricted to [0.100000 : 4.50000]
        #datapoints = 441
        residuals are weighted equally (unit weight)

function used for fitting: f(t)
	f(t) = -w*a*t
fitted parameters initialized with current variable values

iter      chisq       delta/lim  lambda   w             a            
   0 8.1207259908e+08   0.00e+00  1.36e+03    9.964534e-01   1.001042e+00
  14 3.1058562358e-04  -5.82e-02  1.36e-06    1.504687e-03  -3.687947e-04

After 14 iterations the fit converged.
final sum of squares of residuals : 0.000310586
rel. change during last iteration : -5.81745e-07

degrees of freedom    (FIT_NDF)                        : 439
rms of residuals      (FIT_STDFIT) = sqrt(WSSR/ndf)    : 0.000841121
variance of residuals (reduced chisquare) = WSSR/ndf   : 7.07484e-07

Final set of parameters            Asymptotic Standard Error
=======================            ==========================
w               = 0.00150469       +/- 2.402e+10    (1.596e+15%)
a               = -0.000368795     +/- 5.886e+09    (1.596e+15%)

correlation matrix of the fit parameters:
                w      a      
w               1.000 
a               1.000  1.000 


*******************************************************************************
Sun Nov 22 14:44:27 2015


FIT:    data read from 'cluster_size_distribution.txt'
        format = z
        x range restricted to [0.100000 : 4.50000]
        #datapoints = 441
        residuals are weighted equally (unit weight)

function used for fitting: f(t)
	f(t) = -w*t
fitted parameters initialized with current variable values

iter      chisq       delta/lim  lambda   w            
   0 1.8492188010e+03   0.00e+00  2.05e+00    1.504687e-03
   3 3.1058562358e-04  -1.57e-03  2.05e-03   -5.549210e-07

After 3 iterations the fit converged.
final sum of squares of residuals : 0.000310586
rel. change during last iteration : -1.56699e-08

degrees of freedom    (FIT_NDF)                        : 440
rms of residuals      (FIT_STDFIT) = sqrt(WSSR/ndf)    : 0.000840165
variance of residuals (reduced chisquare) = WSSR/ndf   : 7.05876e-07

Final set of parameters            Asymptotic Standard Error
=======================            ==========================
w               = -5.54921e-07     +/- 2.941e-08    (5.3%)


*******************************************************************************
Sun Nov 22 14:45:12 2015


FIT:    data read from 'cluster_size_distribution.txt'
        format = z
        x range restricted to [0.100000 : 4.50000]
        #datapoints = 441
        residuals are weighted equally (unit weight)

function used for fitting: f(t)
	f(t) = t**(-w)
fitted parameters initialized with current variable values

iter      chisq       delta/lim  lambda   w            
   0 4.4033825334e+02   0.00e+00  4.00e-06   -5.549210e-07
  11 3.1058562358e-04  -2.34e-05  4.00e-17    9.963084e-01

After 11 iterations the fit converged.
final sum of squares of residuals : 0.000310586
rel. change during last iteration : -2.33623e-10

degrees of freedom    (FIT_NDF)                        : 440
rms of residuals      (FIT_STDFIT) = sqrt(WSSR/ndf)    : 0.000840165
variance of residuals (reduced chisquare) = WSSR/ndf   : 7.05876e-07

Final set of parameters            Asymptotic Standard Error
=======================            ==========================
w               = 0.996308         +/- 0.007371     (0.7398%)


*******************************************************************************
Sun Nov 22 14:46:10 2015


FIT:    data read from 'cluster_size_distribution.txt' using 1:2
        format = x:z
        x range restricted to [0.100000 : 4.50000]
        #datapoints = 441
        residuals are weighted equally (unit weight)

function used for fitting: f(t)
	f(t) = t**(-w)
fitted parameters initialized with current variable values

iter      chisq       delta/lim  lambda   w            
   0 3.1058562358e-04   0.00e+00  5.41e-03    9.963084e-01
   1 3.1058562358e-04  -2.79e-10  5.41e-04    9.963084e-01

After 1 iterations the fit converged.
final sum of squares of residuals : 0.000310586
rel. change during last iteration : -2.79267e-15

degrees of freedom    (FIT_NDF)                        : 440
rms of residuals      (FIT_STDFIT) = sqrt(WSSR/ndf)    : 0.000840165
variance of residuals (reduced chisquare) = WSSR/ndf   : 7.05876e-07

Final set of parameters            Asymptotic Standard Error
=======================            ==========================
w               = 0.996308         +/- 0.007371     (0.7398%)


*******************************************************************************
Sun Nov 22 14:46:15 2015


FIT:    data read from 'cluster_size_distribution.txt' using 2:1
        format = x:z
        x range restricted to [0.100000 : 4.50000]
BREAK: No data to fit

*******************************************************************************
Sun Nov 22 14:46:19 2015


FIT:    data read from 'cluster_size_distribution.txt' using 1:2
        format = x:z
        x range restricted to [0.100000 : 4.50000]
        #datapoints = 441
        residuals are weighted equally (unit weight)

function used for fitting: f(t)
	f(t) = t**(-w)
fitted parameters initialized with current variable values

iter      chisq       delta/lim  lambda   w            
   0 3.1058562358e-04   0.00e+00  5.41e-03    9.963084e-01
   1 3.1058562358e-04  -1.75e-11  5.41e-04    9.963084e-01

After 1 iterations the fit converged.
final sum of squares of residuals : 0.000310586
rel. change during last iteration : -1.74542e-16

degrees of freedom    (FIT_NDF)                        : 440
rms of residuals      (FIT_STDFIT) = sqrt(WSSR/ndf)    : 0.000840165
variance of residuals (reduced chisquare) = WSSR/ndf   : 7.05876e-07

Final set of parameters            Asymptotic Standard Error
=======================            ==========================
w               = 0.996308         +/- 0.007371     (0.7398%)


*******************************************************************************
Sun Nov 22 14:48:20 2015


FIT:    data read from 'cluster_size_distribution.txt'
        format = z
        x range restricted to [0.100000 : 4.50000]
        #datapoints = 441
        residuals are weighted equally (unit weight)

function used for fitting: f(x)
	f(x) = a*x**b
fitted parameters initialized with current variable values

iter      chisq       delta/lim  lambda   a             b            
   0 1.2532891120e-03   0.00e+00  1.08e-03   -3.687947e-04   1.000000e+00
  13 2.8803312473e-05  -2.44e-01  1.08e-09    9.966613e-04  -7.335941e-01

After 13 iterations the fit converged.
final sum of squares of residuals : 2.88033e-05
rel. change during last iteration : -2.43632e-06

degrees of freedom    (FIT_NDF)                        : 439
rms of residuals      (FIT_STDFIT) = sqrt(WSSR/ndf)    : 0.000256147
variance of residuals (reduced chisquare) = WSSR/ndf   : 6.56112e-08

Final set of parameters            Asymptotic Standard Error
=======================            ==========================
a               = 0.000996661      +/- 1.522e-05    (1.527%)
b               = -0.733594        +/- 0.01076      (1.467%)

correlation matrix of the fit parameters:
                a      b      
a               1.000 
b               0.687  1.000 


*******************************************************************************
Sun Nov 22 14:54:37 2015


FIT:    data read from 'cluster_size_distribution.txt'
        format = z
        x range restricted to [0.00000 : 10.0000]
        #datapoints = 500
        residuals are weighted equally (unit weight)

function used for fitting: f(x)
	f(x) = x**(-w)
fitted parameters initialized with current variable values



*******************************************************************************
Sun Nov 22 14:54:52 2015


FIT:    data read from 'cluster_size_distribution.txt'
        format = z
        x range restricted to [0.00000 : 10.0000]
        #datapoints = 500
        residuals are weighted equally (unit weight)

function used for fitting: f(x)
	f(x) = x**(w)
fitted parameters initialized with current variable values

iter      chisq       delta/lim  lambda   w            
   0 4.1533751235e+03   0.00e+00  3.80e+00    1.000000e+00


*******************************************************************************
Sun Nov 22 14:55:49 2015


FIT:    data read from 'cluster_size_distribution.txt'
        format = z
        x range restricted to [0.00000 : 10.0000]
        #datapoints = 500
        residuals are weighted equally (unit weight)

function used for fitting: f(x)
	f(x) = a*x**b
fitted parameters initialized with current variable values

iter      chisq       delta/lim  lambda   a             b            
   0 4.1533751235e+03   0.00e+00  3.37e+00    1.000000e+00   1.000000e+00


*******************************************************************************
Sun Nov 22 14:57:00 2015


FIT:    data read from 'cluster_size_distribution.txt'
        format = z
        #datapoints = 500
        residuals are weighted equally (unit weight)

function used for fitting: f(x)
	f(x) = a*x**b
fitted parameters initialized with current variable values

iter      chisq       delta/lim  lambda   a             b            
   0 4.1533751235e+03   0.00e+00  3.37e+00    1.000000e+00   1.000000e+00


*******************************************************************************
Sun Nov 22 14:58:56 2015


FIT:    data read from 'cluster_size_distribution.txt'
        format = z
        #datapoints = 500
        residuals are weighted equally (unit weight)

function used for fitting: f(x)
	f(x) = a*x**b
fitted parameters initialized with current variable values

iter      chisq       delta/lim  lambda   a             b            
   0 4.1533751235e+03   0.00e+00  3.37e+00    1.000000e+00   1.000000e+00


*******************************************************************************
Sun Nov 22 14:59:17 2015


FIT:    data read from 'cluster_size_distribution.txt'
        format = z
        x range restricted to [0.200000 : 4.50000]
        #datapoints = 431
        residuals are weighted equally (unit weight)

function used for fitting: f(x)
	f(x) = a*x**b
fitted parameters initialized with current variable values

iter      chisq       delta/lim  lambda   a             b            
   0 9.4012993949e-05   0.00e+00  1.64e-03    8.983123e-04  -1.304012e+00
   4 1.1610060361e-05  -5.79e-01  1.64e-07    1.000174e-03  -8.915948e-01

After 4 iterations the fit converged.
final sum of squares of residuals : 1.16101e-05
rel. change during last iteration : -5.79169e-06

degrees of freedom    (FIT_NDF)                        : 429
rms of residuals      (FIT_STDFIT) = sqrt(WSSR/ndf)    : 0.000164509
variance of residuals (reduced chisquare) = WSSR/ndf   : 2.70631e-08

Final set of parameters            Asymptotic Standard Error
=======================            ==========================
a               = 0.00100017       +/- 1.041e-05    (1.041%)
b               = -0.891595        +/- 0.01017      (1.141%)

correlation matrix of the fit parameters:
                a      b      
a               1.000 
b               0.637  1.000 


*******************************************************************************
Sun Nov 22 15:01:55 2015


FIT:    data read from 'cluster_size_distribution.txt'
        format = z
        x range restricted to [0.100000 : 10.0000]
        #datapoints = 490
        residuals are weighted equally (unit weight)

function used for fitting: f(x)
	f(x) = a*x**b
fitted parameters initialized with current variable values

iter      chisq       delta/lim  lambda   a             b            
   0 6.9673232139e-05   0.00e+00  1.52e-03    1.000174e-03  -8.915948e-01
   5 3.0999905436e-05  -9.21e-03  1.52e-03    9.794317e-04  -7.452074e-01

After 5 iterations the fit converged.
final sum of squares of residuals : 3.09999e-05
rel. change during last iteration : -9.20878e-08

degrees of freedom    (FIT_NDF)                        : 488
rms of residuals      (FIT_STDFIT) = sqrt(WSSR/ndf)    : 0.00025204
variance of residuals (reduced chisquare) = WSSR/ndf   : 6.35244e-08

Final set of parameters            Asymptotic Standard Error
=======================            ==========================
a               = 0.000979432      +/- 1.466e-05    (1.496%)
b               = -0.745207        +/- 0.01045      (1.403%)

correlation matrix of the fit parameters:
                a      b      
a               1.000 
b               0.683  1.000 


*******************************************************************************
Sun Nov 22 15:03:20 2015


FIT:    data read from 'cluster_size_distribution.txt'
        format = z
        x range restricted to [1.00000 : 10.0000]
        #datapoints = 400
        residuals are weighted equally (unit weight)

function used for fitting: f(x)
	f(x) = a*x**b
fitted parameters initialized with current variable values

iter      chisq       delta/lim  lambda   a             b            
   0 1.1384174088e-05   0.00e+00  4.31e-04    9.794317e-04  -7.452074e-01
   4 3.5285249877e-07  -8.95e-02  4.31e-08    1.245345e-03  -1.460360e+00

After 4 iterations the fit converged.
final sum of squares of residuals : 3.52852e-07
rel. change during last iteration : -8.95272e-07

degrees of freedom    (FIT_NDF)                        : 398
rms of residuals      (FIT_STDFIT) = sqrt(WSSR/ndf)    : 2.97752e-05
variance of residuals (reduced chisquare) = WSSR/ndf   : 8.86564e-10

Final set of parameters            Asymptotic Standard Error
=======================            ==========================
a               = 0.00124534       +/- 6.453e-06    (0.5182%)
b               = -1.46036         +/- 0.008954     (0.6131%)

correlation matrix of the fit parameters:
                a      b      
a               1.000 
b              -0.759  1.000 


*******************************************************************************
Sun Nov 22 15:04:44 2015


FIT:    data read from 'cluster_size_distribution.txt'
        format = z
        x range restricted to [1.00000 : 10.0000]
        #datapoints = 400
        residuals are weighted equally (unit weight)

function used for fitting: f(x)
	f(x) = a*x**b
fitted parameters initialized with current variable values

iter      chisq       delta/lim  lambda   a             b            
   0 4.1207234706e+03   0.00e+00  3.76e+00    1.000000e+00   1.000000e+00
  11 3.5285250304e-07  -1.94e-02  3.76e-09    1.245342e-03  -1.460355e+00

After 11 iterations the fit converged.
final sum of squares of residuals : 3.52853e-07
rel. change during last iteration : -1.93545e-07

degrees of freedom    (FIT_NDF)                        : 398
rms of residuals      (FIT_STDFIT) = sqrt(WSSR/ndf)    : 2.97752e-05
variance of residuals (reduced chisquare) = WSSR/ndf   : 8.86564e-10

Final set of parameters            Asymptotic Standard Error
=======================            ==========================
a               = 0.00124534       +/- 6.453e-06    (0.5182%)
b               = -1.46035         +/- 0.008954     (0.6131%)

correlation matrix of the fit parameters:
                a      b      
a               1.000 
b              -0.759  1.000 
